max(difference in z between method 1 and 2)/eps 0.000000

Coefficients to estimate:
b =

     0     1     1

Coefficients for model: z(t) = b(1)*u(t)+b(2)*u(t-1)
ans =

    0.0116    1.0284

Coefficients for model: z(t) = b(1)*u(t)+b(2)*u(t-1)+b(3)*u(t-2)
ans =

   -0.0000    1.0000    1.0000

Coefficients for model: z(t) = b(1)*u(t)+b(2)*u(t-1)+b(3)*u(t-2)
ans =

    0.0000    1.0000    1.0000    0.0000

max(difference in z between method 1 and 2)/eps 0.000000

Coefficients to estimate:
b =

     0     1     1

Coefficients for model: z(t) = b(1)*u(t)+b(2)*u(t-1)
ans =

   -0.0027    1.0117

Coefficients for model: z(t) = b(1)*u(t)+b(2)*u(t-1)+b(3)*u(t-2)
ans =

    0.0000    1.0000    1.0000

Coefficients for model: z(t) = b(1)*u(t)+b(2)*u(t-1)+b(3)*u(t-2)
ans =

    0.0000    1.0000    1.0000    0.0000

max(difference in z between method 1 and 2)/eps 0.000000

Coefficients to estimate:
b =

     0     1     1

Coefficients for model (cc=1.00): z(t) = b(1)*u(t)+b(2)*u(t-1)
ans =

   -0.0070    0.9996

Coefficients for model (cc=1.00): z(t) = b(1)*u(t)+b(2)*u(t-1)+b(3)*u(t-2)
ans =

    0.0000    1.0000    1.0000

Coefficients for model (cc=1.00): z(t) = b(1)*u(t)+b(2)*u(t-1)+b(3)*u(t-2)
ans =

    0.0000    1.0000    1.0000   -0.0000

max(difference in z between method 1 and 2)/eps 0.000000

Coefficients to estimate:
b =

     0     1     1

Coefficients for model (cc=1.00): z(t) = b(1)*u(t)+b(2)*u(t-1)
ans =

   -0.0245    0.9662

Coefficients for model (cc=1.00): z(t) = b(1)*u(t)+b(2)*u(t-1)+b(3)*u(t-2)
ans =

    0.0000    1.0000    1.0000

Coefficients for model (cc=1.00): z(t) = b(1)*u(t)+b(2)*u(t-1)+b(3)*u(t-2)
ans =

    0.0000    1.0000    1.0000    0.0000

max(difference in z between method 1 and 2)/eps 0.000000

Coefficients to estimate:
b =

     0     1     1

z

z =

         0
   -0.7193
   -0.7358
   -0.6586
   -1.8216
   -1.3169
   -1.8365
   -2.1216
   -0.4442
   -0.1661
    0.1920
   -0.4389
    0.5643
    1.5524
    1.8160
   -0.5388
   -3.0904
   -0.7318
   -0.8789
   -0.2500
   -1.6530
   -3.3405
    0.2463
   -0.0747
   -0.8109
    1.3776
    2.6405
    1.2512
    1.9022
    1.7875
    1.1289
   -0.1252
   -2.9387
   -2.7534
   -3.8401
   -1.7639
    0.9635
    0.7359
    0.5208
   -1.7373
   -0.7521
    0.3081
   -0.4862
    0.9569
    0.7501
    0.9315
    0.8541
    0.6080
   -0.3201
   -2.0185
   -1.6794
   -1.4413
   -0.5412
    0.0959
   -0.1389
    0.6432
    1.0300
    0.7060
   -0.0567
   -0.7017
   -2.1730
   -1.7138
   -0.5565
   -0.0705
    1.0355
    0.0945
   -1.6552
   -0.6659
    0.2335
    1.1377
    2.3045
    0.8307
   -1.7982
   -1.4474
   -0.4347
   -1.1183
   -1.0091
   -1.4851
   -2.2187
   -1.3340
   -0.2631
    1.2883
    0.9078
   -1.3928
   -0.5934
    1.0385
    2.1523
    0.7861
   -0.8280
   -0.0126
    0.2798
   -0.5915
    0.0964
    0.7872
    0.9321
    0.6006
    0.5410
    1.4707
    0.4711
   -1.5607
   -0.8632
    0.3773
    1.1197
    0.9357
    0.1342
    0.3263
   -0.6421
   -0.6042
    0.4353
    0.1897
   -0.7930
    0.1272
   -0.2545
   -2.2844
   -1.2688
   -1.0536
   -2.6918
   -1.4233
    0.6591
   -0.0352
   -0.1550
   -0.9189
   -1.3522
   -1.1580
   -2.1037
   -1.8644
   -3.2190
   -1.5740
   -1.0192
   -1.7737
    0.2952
   -0.5923
   -0.9536
    2.1288
    3.1800
    0.5832
   -1.1548
   -1.0017
   -1.2374
   -0.4506
    0.1492
   -2.8337
   -1.1119
    1.5487
    1.0430
    0.5929
   -0.7910
   -1.1066
   -2.9784
   -1.8396
    2.9510
    2.4874
    0.6692
    1.7538
    1.4866
    1.3747
    2.4276
    0.2416
   -0.5480
    1.7166
    1.2018
    0.3809
    1.2046
    2.0239
    1.2631
    0.6980
   -1.0731
   -1.0538
   -0.9661
   -1.2665
    0.3461
   -0.5280
   -0.2336
    1.2561
    1.1190
   -0.3989
   -1.7770
   -0.7877
   -0.8270
   -2.1169
   -0.8707
   -1.8539
   -2.0408
   -2.0395
   -0.1084
    1.9398
    0.3979
    0.3159
    1.4728
    1.4362
    1.2303
    2.0276
   -1.2084
   -2.1915
   -0.7857
    1.0408
    0.3896
   -0.8237
    0.0243
   -1.3755
   -0.7493
   -1.2450
   -2.1802
    0.8506
    1.0970
   -0.9622
   -1.0071
    0.7781
    3.3973
    0.9647
   -1.6452
    1.7647
    1.9742
   -2.1516
   -1.4569
   -0.5442
   -3.0058
   -1.9717
    0.6593
   -0.4992
   -2.7833
   -3.8521
   -0.7769
    1.9530
    1.6074
   -0.0932
   -0.3264
   -0.4207
   -2.2052
   -1.3579
   -0.3997
   -1.1445
   -0.6107
    0.4833
    0.0767
    1.7939
    0.2599
   -0.7991
    0.8424
   -0.5883
   -1.6611
   -2.7443
   -2.9794
   -3.2218
   -2.3602
   -0.0141
    0.5841
   -0.3934
   -0.8998
   -0.5810
    0.5762
    0.7472
   -0.3910
    0.0744
    0.6125
   -3.0919
   -5.2818
   -1.8354
    0.9561
    0.2398
   -0.4713
   -1.2379
   -3.7290
   -2.1482
    0.9025
    0.1197
   -0.8933
   -0.6701
   -0.1112
    0.6827
   -0.6847
    1.8047
    2.6391
   -0.6883
   -1.4434
   -0.1495
    0.7171
   -0.0419
    1.7155
    1.3458
   -1.2887
   -1.5359
   -1.8533
   -2.9839
   -0.9106
    2.0684
    1.6109
    2.2078
    0.2839
   -2.9197
   -0.4469
    2.8398
    2.0900
    0.3179
    1.3315
    1.6405
    0.0382
   -1.0636
   -0.1988
   -0.0979
   -1.9377
   -1.2400
    0.6792
    1.0877
    1.8942
    1.0327
    0.2638
   -0.4945
    1.6340
    3.1515
    0.0012
   -1.0210
    0.1497
   -0.2209
   -1.0750
   -0.7983
   -0.7568
    0.7811
    0.7757
    0.2741
   -0.8026
    0.0886
    1.6156
    1.5564
    0.8281
    0.5643
    1.0092
    1.3010
    1.7351
    1.1241
    2.0810
    1.2573
    0.2802
   -0.1718
   -0.4426
   -2.9192
   -4.0389
   -0.7924
   -1.0954
   -1.7901
   -1.6221
   -0.7779
    0.4547
    0.4692
    0.2269
   -1.0957
   -1.1020
   -1.7893
   -2.3850
   -0.3034
   -1.2040
   -1.7427
    1.7384
    3.0321
    1.2260
   -0.1066
   -1.2487
   -1.1033
    0.0883
   -0.2251
   -0.6226
   -0.9673
   -0.1114
    1.6147
   -0.8563
   -1.6047
    0.9103
   -0.7437
   -1.3627
   -0.4803
   -0.4723
    1.5155
    2.4799
    3.1317
    3.0979
    0.7748
    1.8707
    1.5576
   -1.0914
   -1.3515
    1.2145
    1.8869
   -0.5127
    0.9069
   -0.1524
   -0.8540
    0.5612
   -0.7926
   -1.5950
   -0.7960
    1.0777
    0.6227
   -1.2704
    0.1971
    1.1839
    1.6153
    2.0489
    0.9491
    0.4599
   -0.1926
   -0.3590
   -1.8189
   -2.1661
   -2.7407
   -1.7369
    0.1389
   -3.4964
   -3.8741
    0.6383
    3.5142
    1.9125
    0.7472
    0.8952
    1.0588
    0.4879
   -0.5367
   -0.3341
    0.3659
    0.8953
   -0.3556
   -1.4269
   -2.7169
   -1.6927
    1.1669
    3.3505
    2.7587
   -0.2874
   -0.7712
    0.5470
   -0.5476
   -0.9184
   -0.4200
   -0.9311
   -0.2761
   -0.1512
   -1.0502
   -1.9906
   -1.8014
   -1.5203
   -0.2592
    0.2372
    0.3045
    1.3846
    0.3479
   -2.3798
   -1.2481
    0.9997
    0.3949
    2.2258
    0.7280
    0.3499
    0.6248
   -2.3371
   -2.4576
   -0.4617
   -0.1883
   -0.1305
    0.8512
   -0.7001
   -0.0663
    1.7340
    2.3674
   -0.4378
   -2.5991
   -0.6961
   -1.1217
    0.0455
    1.1773
   -0.5756
   -0.3796
   -0.5412
    0.0516
    0.0172
   -0.9863
    0.2568
   -0.0049
   -1.5126
   -1.3164
   -0.8597
   -0.7591
   -0.0223
   -0.5100
   -0.0182
    1.4344
    0.3285
   -0.0423
    0.1548
    0.3599
    0.1730
    0.0222
    0.6131
    0.7233
   -0.1966
   -2.1777
   -1.3245
    0.4059
   -1.4192
   -0.8867
    1.9211
    0.6153
   -1.4861
   -1.5207
   -1.5219
   -1.4692
   -0.3051
    0.1341
    1.1788
    0.5406
   -1.9950
   -1.5515
    0.8089
    2.2316
   -0.2065
   -2.3125
    0.2119
    2.0849
   -0.6753
   -3.4011
   -0.8791
    0.5260
   -1.8124
   -1.4066
    1.0327
    2.4414
   -0.7212
   -0.7505
    1.4053
   -0.8428
   -0.5740
    0.7493
    0.0481
    0.5157
    0.9949
    1.1452
    2.1665
    1.2071
    1.8450
    2.1762
   -0.1939
   -0.2256
   -0.0510
   -0.3471
   -0.2075
   -0.1685
    1.5564
    2.8267
    2.3741
    1.2575
   -0.5501
   -0.9969
   -0.3523
    0.1408
    0.1412
    0.0518
    1.4486
    2.9373
    2.2980
   -0.5618
   -2.1924
   -1.3236
    0.3537
    1.1031
    0.8975
   -0.7868
   -2.3671
   -0.0124
    1.2089
   -0.0810
   -1.4111
   -0.6191
    0.7289
   -0.1336
    1.1422
    0.7409
   -1.7509
   -1.2369
    2.9861
    3.1367
   -0.7777
   -1.5976
   -0.4583
    1.0960
   -0.3834
   -0.6290
    0.2399
    0.4317
    1.0083
    0.5244
    1.7505
    1.5163
   -1.4449
    0.2432
    2.1104
    0.8059
    1.0294
    0.6630
   -1.6325
   -1.4686
   -0.6647
    0.2173
    0.2188
    0.5065
    1.1491
   -2.0557
   -1.7749
    1.4364
    2.0134
   -0.2455
   -0.2592
   -2.0815
   -0.2361
    3.4815
    3.2077
    0.6970
   -0.9357
    1.4299
    0.0684
   -1.3730
   -2.6214
   -1.3313
   -0.6631
   -0.0380
    1.6593
   -0.7155
   -0.3758
    0.5310
    0.3237
    1.3573
    1.9331
    1.4360
    0.6697
    1.6390
    3.3701
    2.4754
    2.8303
    1.0835
   -2.6064
    0.1338
    1.5638
   -1.1173
   -1.3320
   -0.5392
   -0.7158
    0.0762
    0.5719
   -0.8582
   -1.7077
   -0.1190
    2.5197
    3.0293
    0.4817
   -0.6198
    0.4672
   -0.6230
   -1.3345
   -0.6590
   -0.0739
    0.6746
    1.0540
    0.1255
   -0.7528
   -0.6638
   -0.1380
    0.7788
    0.0837
    1.8720
    0.5886
   -3.1166
   -3.0651
   -1.4329
   -0.5830
   -1.8744
   -0.8837
   -0.6628
   -1.7575
   -0.7990
    0.1262
   -0.5922
   -2.1145
   -2.7476
    0.0077
    0.6599
   -0.6825
   -0.7631
    0.0140
    0.9795
    1.4351
    2.3404
    2.1245
    1.8551
   -0.6935
   -1.9339
   -0.9042
    0.4350
    0.7670
   -0.9855
   -0.0571
   -0.2298
   -1.3779
   -1.6508
   -0.5195
    0.4105
   -0.9804
   -0.9551
   -0.8732
   -0.6766
   -0.2741
    1.7588
    3.1758
    1.1557
   -0.1857
   -0.4537
   -0.3925
    1.1439
    0.3633
   -0.7012
   -0.2777
   -0.8593
    0.5911
    2.1909
    1.8242
    0.0674
    0.2302
    0.9616
    0.0247
   -0.4557
   -1.7747
   -1.8961
   -1.0271
    1.0162
   -1.1412
   -3.9715
   -0.6416
   -1.2873
   -0.2151
    1.8749
    1.0991
    0.9913
    1.9662
    1.5075
   -0.6945
    0.0015
    1.1242
    2.2163
    2.4390
    0.1010
   -0.4221
    0.5092
   -0.2301
    0.7790
    0.9801
    0.4715
    1.3238
    1.2384
   -1.0488
   -0.5950
    0.3062
   -0.7635
    0.2995
   -0.5447
   -2.0418
   -0.5206
    0.6922
   -0.7874
    0.0721
    1.4534
    1.1980
    1.1744
    0.7640
    0.5217
   -0.7605
   -0.0111
    2.7999
    1.9152
    0.7330
   -0.4077
   -1.2353
    0.6576
    0.6504
   -0.0692
   -0.9460
   -2.2916
   -0.6892
    0.0740
   -2.5161
   -2.2173
   -0.1218
    1.8901
    1.9911
   -0.7820
   -1.5644
   -2.7585
   -2.3429
    0.9641
    2.2621
    0.4679
   -1.2097
    0.6523
    1.9284
    1.1599
    1.3237
    1.4166
    0.7095
    1.7100
   -0.1445
   -3.6543
   -1.4142
    0.9196
   -0.0011
    0.0249
   -1.2285
   -0.8077
    0.3422
    0.8892
    1.7673
    0.9224
   -0.5111
   -1.3716
   -2.1060
   -2.7828
   -0.5037
   -0.4991
   -0.2926
    2.2144
    2.2974
   -0.5420
    0.1686
    0.9574
   -2.2169
   -2.3693
   -0.5329
    0.7998
    1.1640
    0.4251
    0.1314
    0.1640
    0.2194
    0.2935
   -0.6507
   -0.6197
    0.2901
    2.1325
    2.0922
   -0.8650
   -1.0800
    0.5156
    1.0769
    0.0226
   -1.4879
   -0.0401
   -0.3172
   -1.2464
    0.1241
    1.2082
    1.2949
   -0.8885
   -2.4334
   -0.6129
   -0.0559
   -0.2509
    1.1676
    1.4818
    2.0187
    0.0471
    0.3777
    0.7290
   -0.9545
    0.1455
    1.7414
    2.0348
    0.3789
   -1.6730
   -2.0749
    0.7834
    1.4712
   -1.3276
   -1.0025
    1.1684
    1.1364
   -1.6630
   -2.1763
    0.3710
   -0.6631
   -1.7850
   -1.5476
   -2.7674
   -2.0658
    1.1388
    0.8095
   -0.8286
    0.3432
    2.3702
    2.8361
   -0.2226
   -3.4629
   -1.2687
    0.8440
   -0.9728
    0.0205
    1.4749
   -1.0083
   -0.2981
    1.9927
    0.5480
    1.5985
    0.3982
   -1.7216
   -0.0783
    0.3626
   -1.5400
   -3.8157
   -3.2520
   -1.1094
    0.2125
    0.9440
    2.4921
    0.4063
   -1.2909
    1.1328
    0.8784
   -1.0975
   -1.6770
   -0.2255
    1.8549
   -0.4465
   -1.4286
    0.5859
    1.0101
   -0.0332
    1.9173
    2.6764
    0.2942
   -1.0062
   -1.2000
    1.1118
    1.4342
   -0.7375
   -1.0313
    1.4178
   -0.6620
   -2.2665
   -0.0704
   -0.4629
    0.2571
    0.7659
    1.4273
    1.5870
    1.2508
    0.2830
   -0.8409
    0.5165
   -0.7644
   -2.3888
   -2.7727
    2.4505
    3.9988
   -0.4744
    0.2437
    0.6520
    0.1917
   -0.9804
   -1.4352
   -1.1528
   -0.7641
   -0.2793
   -1.1647
   -1.1457
    0.5765
    1.6108
    0.1225
   -0.0684
    0.0357
   -0.6183
   -0.8007
   -0.8186
   -1.7234
   -2.3084
   -1.7880
   -2.2011
   -0.4339
    0.8017
   -1.9177
   -2.7114
   -1.6310
    0.3444
    1.7038
    1.8138
    0.2257
   -1.1715
   -1.2647
   -0.0550
    0.6795
    0.2455
    1.3482
    0.2101
    0.2956
    0.6415
   -0.3519
   -1.4051
   -2.8656

zm

zm =

    0.0237
   -0.7192
    0.0046
   -0.6036
   -1.1758
   -0.0815
   -1.6862
   -0.4221
   -0.0169
   -0.1557
    0.3623
   -0.8201
    1.3336
    0.1600
    1.6750
   -2.1122
   -0.9562
    0.2529
   -1.1242
    0.9286
   -2.4725
   -0.8784
    1.1273
   -1.1752
    0.3184
    0.9730
    1.6280
   -0.4387
    2.2832
   -0.5318
    1.6656
   -1.6939
   -1.1559
   -1.4726
   -2.3119
    0.5150
    0.4249
    0.2943
    0.2842
   -1.9978
    1.2350
   -0.9106
    0.3925
    0.5403
    0.1795
    0.7244
    0.1102
    0.5088
   -0.7625
   -1.2020
   -0.4309
   -0.9935
    0.4488
   -0.3483
    0.1881
    0.4216
    0.5858
    0.1225
   -0.1561
   -0.4744
   -1.6436
   -0.0530
   -0.5016
    0.3969
    0.6362
   -0.4870
   -1.1473
    0.4733
   -0.2772
    1.3395
    0.9391
   -0.0485
   -1.7032
    0.2692
   -0.6672
   -0.4186
   -0.5422
   -0.8707
   -1.3055
   -0.0207
   -0.2851
    1.5443
   -0.5899
   -0.7843
    0.1562
    0.8120
    1.3158
   -0.5018
   -0.3263
    0.3044
   -0.0049
   -0.5901
    0.6607
    0.0963
    0.8166
   -0.2335
    0.7263
    0.7298
   -0.2069
   -1.3264
    0.4502
   -0.1096
    1.1992
   -0.2673
    0.3908
   -0.0430
   -0.5796
   -0.0394
    0.4688
   -0.2527
   -0.5450
    0.6807
   -0.8600
   -1.3841
    0.1492
   -1.1148
   -1.5319
    0.0858
    0.5749
   -0.6050
    0.4802
   -1.3551
    0.0402
   -1.1295
   -0.9141
   -0.8454
   -2.3238
    0.7824
   -1.7438
   -0.0408
    0.3558
   -0.9170
   -0.1075
    2.1329
    1.0301
   -0.4083
   -0.7142
   -0.2473
   -0.9760
    0.5203
   -0.2775
   -2.5214
    1.3576
    0.1577
    0.8664
   -0.2470
   -0.5080
   -0.5011
   -2.4186
    0.4804
    2.3905
    0.0765
    0.5354
    1.1706
    0.2717
    1.0238
    1.3974
   -1.1375
    0.5325
    1.1455
    0.0445
    0.2968
    0.8418
    1.1418
    0.0992
    0.6347
   -1.6738
    0.6511
   -1.5760
    0.2973
    0.0665
   -0.5871
    0.3119
    0.9082
    0.2247
   -0.5653
   -1.1869
    0.4259
   -1.1836
   -0.9060
    0.0959
   -1.8837
   -0.0912
   -1.9461
    1.7735
    0.1545
    0.2333
    0.0342
    1.3922
    0.0043
    1.1599
    0.9090
   -2.0459
   -0.1212
   -0.6995
    1.7281
   -1.3111
    0.4860
   -0.4163
   -0.9354
    0.2267
   -1.4006
   -0.8091
    1.6241
   -0.4946
   -0.4350
   -0.5985
    1.2650
    2.1027
   -1.0831
   -0.6214
    2.3222
   -0.2757
   -1.8293
    0.3894
   -0.8348
   -2.1080
    0.1132
    0.5630
   -0.9707
   -1.6873
   -2.1417
    1.2999
    0.6014
    1.0101
   -1.0926
    0.7798
   -1.1280
   -1.0339
   -0.3117
   -0.0505
   -1.0747
    0.4477
    0.0334
   -0.0159
    1.8024
   -1.5159
    0.6884
    0.1739
   -0.7078
   -0.8639
   -1.7840
   -1.0911
   -2.0550
   -0.3063
    0.2729
    0.3246
   -0.6886
   -0.1926
   -0.4078
    0.9597
   -0.1991
   -0.1947
    0.2489
    0.4660
   -3.3858
   -1.8391
   -0.0291
    0.9780
   -0.7225
    0.2917
   -1.4074
   -2.2532
    0.0738
    0.8254
   -0.6761
   -0.1957
   -0.4712
    0.3374
    0.3684
   -1.1131
    2.8319
   -0.1684
   -0.4727
   -0.9667
    0.7934
   -0.0743
   -0.0242
    1.6965
   -0.3072
   -0.9317
   -0.5442
   -1.2119
   -1.7440
    0.7645
    1.2521
    0.2871
    1.9128
   -1.5324
   -1.3745
    0.8336
    1.9391
    0.1418
    0.1324
    1.1458
    0.4945
   -0.4212
   -0.6366
    0.4410
   -0.4750
   -1.4231
    0.1598
    0.4839
    0.5420
    1.3194
   -0.2947
    0.5749
   -1.1236
    2.6548
    0.4988
   -0.4639
   -0.5627
    0.7198
   -0.9054
   -0.1440
   -0.6299
   -0.1533
    0.9093
   -0.1421
    0.4429
   -1.2489
    1.2843
    0.2811
    1.2491
   -0.4390
    0.9704
   -0.0034
    1.2481
    0.4510
    0.6052
    1.4357
   -0.1868
    0.4729
   -0.6302
    0.2836
   -3.0715
   -0.9440
    0.1872
   -1.2242
   -0.5136
   -1.0840
    0.2906
    0.1490
    0.3131
   -0.0499
   -1.0102
   -0.0335
   -1.6783
   -0.6983
    0.4345
   -1.5818
   -0.2195
    1.8590
    1.1347
    0.0957
   -0.1612
   -1.0520
   -0.0550
    0.1508
   -0.3555
   -0.2355
   -0.7288
    0.5640
    1.0801
   -1.8840
    0.2482
    0.6872
   -1.3865
    0.0387
   -0.5037
   -0.0189
    1.4536
    0.9247
    2.1070
    0.9675
   -0.2539
    2.0745
   -0.4798
   -0.5677
   -0.8247
    1.9778
   -0.0727
   -0.4702
    1.3827
   -1.5070
    0.6339
   -0.0462
   -0.6943
   -0.8755
    0.0434
    1.0145
   -0.3494
   -0.9283
    1.0865
    0.0449
    1.5039
    0.5151
    0.4195
    0.0471
   -0.2279
   -0.0713
   -1.6774
   -0.3998
   -2.2855
    0.5428
   -0.2884
   -3.0825
   -0.8153
    1.3380
    2.1155
   -0.2264
    0.9445
   -0.0837
    1.1271
   -0.6212
    0.0952
   -0.4416
    0.7783
    0.1294
   -0.4381
   -0.9001
   -1.7628
    0.0304
    1.0267
    2.2350
    0.5351
   -0.7972
    0.0074
    0.5580
   -1.0756
    0.1704
   -0.5600
   -0.3626
    0.0913
   -0.2079
   -0.7774
   -1.1551
   -0.5974
   -0.9154
    0.6482
   -0.4209
    0.6799
    0.6942
   -0.2676
   -2.0726
    0.7907
    0.1966
    0.1251
    2.0782
   -1.3612
    1.6908
   -0.9884
   -1.2692
   -1.1749
    0.7191
   -0.9032
    0.7446
    0.1303
   -0.8286
    0.7051
    0.9519
    1.4315
   -1.7839
   -0.7940
    0.1344
   -1.2584
    1.2651
   -0.0680
   -0.4955
    0.1336
   -0.6768
    0.7279
   -0.6782
   -0.3173
    0.5745
   -0.5295
   -0.9407
   -0.3482
   -0.4870
   -0.2718
    0.2663
   -0.7761
    0.7106
    0.7140
   -0.3839
    0.3364
   -0.1934
    0.5479
   -0.3755
    0.3775
    0.2122
    0.5181
   -0.6430
   -1.4925
    0.1537
    0.2993
   -1.6902
    0.7396
    1.1625
   -0.4978
   -0.9392
   -0.5324
   -0.9421
   -0.5180
    0.2083
   -0.1130
    1.2748
   -0.6680
   -1.2772
   -0.3020
    1.0378
    1.2021
   -1.3324
   -0.9886
    1.1319
    0.9766
   -1.5402
   -1.8342
    0.9372
   -0.3510
   -1.4162
   -0.0253
    0.9782
    1.4887
   -2.1857
    1.3882
    0.0458
   -0.8703
    0.2711
    0.4771
   -0.4460
    0.9292
    0.0286
    1.0459
    1.0822
    0.0649
    1.7096
    0.4745
   -0.6610
    0.4369
   -0.4765
    0.1360
   -0.3381
    0.1181
    1.3460
    1.4042
    0.9300
    0.3466
   -0.8641
   -0.1218
   -0.2354
    0.3716
   -0.2320
    0.2361
    1.1166
    1.7469
    0.5712
   -1.0610
   -1.0892
   -0.2470
    0.5645
    0.5097
    0.4144
   -1.1236
   -1.2447
    1.1924
    0.0200
   -0.0545
   -1.3372
    0.6936
    0.0402
   -0.2116
    1.3302
   -0.5310
   -1.1802
   -0.1561
    3.0407
    0.1238
   -0.8493
   -0.7342
    0.2395
    0.8699
   -1.2328
    0.5955
   -0.3697
    0.7684
    0.2232
    0.2438
    1.4578
    0.1072
   -1.5611
    1.7348
    0.3504
    0.4220
    0.5862
    0.1311
   -1.7163
    0.2686
   -0.9409
    1.1511
   -0.9488
    1.4178
   -0.2001
   -1.7984
   -0.0252
    1.3961
    0.6268
   -0.8638
    0.6732
   -2.7483
    2.3972
    0.9809
    2.2060
   -1.4776
    0.4941
    0.9346
   -0.8208
   -0.4666
   -2.1127
    0.8023
   -1.4646
    1.3719
    0.3121
   -1.0157
    0.6221
   -0.1014
    0.3805
    0.9139
    0.9731
    0.4418
    0.1742
    1.3547
    1.9361
    0.4476
    2.3488
   -1.1786
   -1.4340
    1.5163
    0.0854
   -1.1595
   -0.1557
   -0.3603
   -0.3585
    0.4159
    0.1847
   -0.9871
   -0.7178
    0.5155
    1.9059
    1.1095
   -0.6071
   -0.0286
    0.5167
   -1.0961
   -0.2176
   -0.4394
    0.3432
    0.2972
    0.7534
   -0.6029
   -0.1286
   -0.5311
    0.3674
    0.4091
   -0.3872
    2.2410
   -1.5492
   -1.4684
   -1.5516
    0.1369
   -0.6585
   -1.1880
    0.3256
   -0.9309
   -0.8015
   -0.0022
    0.1481
   -0.6709
   -1.3544
   -1.3953
    1.3813
   -0.6985
    0.0407
   -0.8048
    0.7864
    0.1464
    1.2124
    1.0594
    1.0053
    0.8739
   -1.5040
   -0.4013
   -0.5178
    0.9278
   -0.1277
   -0.8565
    0.8070
   -0.9914
   -0.3329
   -1.3019
    0.7685
   -0.3253
   -0.6242
   -0.3027
   -0.5488
   -0.1192
   -0.2131
    1.8682
    1.2716
   -0.1090
   -0.0618
   -0.3792
   -0.0513
    1.1839
   -0.7972
    0.1047
   -0.3543
   -0.5251
    1.0443
    1.0879
    0.7353
   -0.6755
    0.8741
    0.0874
   -0.0476
   -0.3498
   -1.3636
   -0.4999
   -0.5614
    1.6160
   -2.6269
   -1.3262
    0.7266
   -2.0077
    1.7306
    0.1093
    0.9578
   -0.0307
    1.9485
   -0.4171
   -0.2779
    0.2423
    0.8095
    1.3278
    1.1095
   -0.9945
    0.5553
   -0.0381
   -0.2179
    0.9651
    0.0002
    0.4280
    0.8559
    0.4179
   -1.4478
    0.8423
   -0.5107
   -0.2633
    0.5810
   -1.0587
   -0.9673
    0.4235
    0.2952
   -1.0855
    1.1098
    0.3051
    0.8550
    0.2950
    0.4523
    0.0949
   -0.8555
    0.7521
    1.9865
   -0.0941
    0.8411
   -1.2083
   -0.0495
    0.6860
   -0.0330
   -0.0051
   -0.8660
   -1.4044
    0.7123
   -0.5552
   -1.8894
   -0.3255
    0.1412
    1.6845
    0.3338
   -1.0647
   -0.4098
   -2.2733
   -0.1030
    0.9931
    1.2550
   -0.7469
   -0.4851
    1.0742
    0.8172
    0.2998
    0.9781
    0.4160
    0.2375
    1.4784
   -1.5024
   -2.1077
    0.6622
    0.2581
   -0.2600
    0.3255
   -1.5282
    0.7087
   -0.3956
    1.2271
    0.5110
    0.4289
   -0.8950
   -0.4080
   -1.6077
   -1.1604
    0.6729
   -1.1626
    0.7967
    1.3433
    0.9735
   -1.5214
    1.6585
   -0.6273
   -1.5130
   -0.8404
    0.2807
    0.4812
    0.6696
   -0.2485
    0.3746
   -0.2177
    0.4276
   -0.1125
   -0.5183
   -0.1115
    0.3314
    1.7335
    0.3887
   -1.2186
    0.1208
    0.3596
    0.7173
   -0.6456
   -0.8420
    0.8123
   -1.0886
   -0.1627
    0.2470
    0.9192
    0.4059
   -1.2146
   -1.2002
    0.5887
   -0.6363
    0.3468
    0.7727
    0.6435
    1.3751
   -1.3404
    1.6943
   -0.9334
   -0.0266
    0.1147
    1.5608
    0.4629
   -0.0285
   -1.5771
   -0.5250
    1.2605
    0.2556
   -1.5510
    0.5093
    0.6224
    0.5696
   -2.1620
   -0.0280
    0.4211
   -1.0258
   -0.7094
   -0.7480
   -1.9531
   -0.1517
    1.2646
   -0.4271
   -0.4134
    0.6787
    1.5996
    1.2458
   -1.3543
   -2.0691
    0.7717
    0.1050
   -1.0791
    1.0510
    0.4582
   -1.4573
    1.0932
    0.8828
   -0.3871
    1.9736
   -1.5183
   -0.2019
    0.1115
    0.3021
   -1.7172
   -1.9937
   -1.2239
    0.1068
    0.0747
    0.7877
    1.6927
   -1.2435
   -0.0856
    1.1903
   -0.2751
   -0.7678
   -0.9029
    0.6160
    1.2548
   -1.6545
    0.2056
    0.3474
    0.6645
   -0.7610
    2.5913
    0.0773
    0.2504
   -1.2176
   -0.0199
    1.0851
    0.3744
   -1.0783
   -0.0004
    1.4410
   -2.0287
   -0.2371
    0.1819
   -0.6536
    0.8856
   -0.1663
    1.5422
    0.0047
    1.2377
   -0.9267
    0.0682
    0.4739
   -1.1600
   -1.1389
   -1.7166
    4.0368
   -0.0196
   -0.4632
    0.6855
   -0.0394
    0.2635
   -1.1973
   -0.2008
   -0.9275
    0.1722
   -0.4133
   -0.7144
   -0.4512
    0.9749
    0.6330
   -0.5082
    0.4385
   -0.3824
   -0.2099
   -0.5643
   -0.1980
   -1.4504
   -0.8006
   -0.9160
   -1.2723
    0.8116
    0.0539
   -1.8835
   -0.7760
   -0.8675
    1.1559
    0.4892
    1.3184
   -1.0539
   -0.0767
   -1.1871
    1.1097
   -0.4378
    0.6389
    0.7033
   -0.5028
    0.7775
   -0.1239
   -0.1819
   -1.1296
   -1.7118

cc

cc =

    1.0000    0.7076
    0.7076    1.0000

irf
max(difference in z between method 1 and 2)/eps 0.000000

Coefficients to estimate:
b =

     0     1     1

Coefficients for model (cc=0.70): z(t) = b(1)*u(t)+b(2)*u(t-1)
ans =

    0.0020    0.9735

Coefficients for model (cc=1.00): z(t) = b(1)*u(t)+b(2)*u(t-1)+b(3)*u(t-2)
ans =

    0.0000    1.0000    1.0000

Coefficients for model (cc=1.00): z(t) = b(1)*u(t)+b(2)*u(t-1)+b(3)*u(t-2)
ans =

    0.0000    1.0000    1.0000   -0.0000

